<?xml version="1.0" encoding="utf-8"?><testsuites name="pytest tests"><testsuite name="pytest" errors="0" failures="0" skipped="0" tests="21" time="4.858" timestamp="2026-05-23T05:54:18.948854+00:00" hostname="agent-env-e229368e-77d2-4c24-a75e-90bf9796c807"><testcase classname="backend.tests.backend_test.TestHealth" name="test_root" time="0.122" /><testcase classname="backend.tests.backend_test.TestAuth" name="test_login_farmer" time="0.269" /><testcase classname="backend.tests.backend_test.TestAuth" name="test_login_buyer" time="0.265" /><testcase classname="backend.tests.backend_test.TestAuth" name="test_login_invalid" time="0.265" /><testcase classname="backend.tests.backend_test.TestAuth" name="test_register_and_me" time="0.371" /><testcase classname="backend.tests.backend_test.TestAuth" name="test_register_duplicate" time="0.044" /><testcase classname="backend.tests.backend_test.TestAuth" name="test_me_unauthorized" time="0.101" /><testcase classname="backend.tests.backend_test.TestAuth" name="test_update_profile" time="0.469" /><testcase classname="backend.tests.backend_test.TestListings" name="test_list_all" time="0.043" /><testcase classname="backend.tests.backend_test.TestListings" name="test_filter_category" time="0.257" /><testcase classname="backend.tests.backend_test.TestListings" name="test_search_query" time="0.045" /><testcase classname="backend.tests.backend_test.TestListings" name="test_create_listing_requires_auth" time="0.099" /><testcase classname="backend.tests.backend_test.TestListings" name="test_listing_crud_owner_only" time="0.677" /><testcase classname="backend.tests.backend_test.TestListings" name="test_listings_by_user" time="0.044" /><testcase classname="backend.tests.backend_test.TestPosts" name="test_list_posts" time="0.047" /><testcase classname="backend.tests.backend_test.TestPosts" name="test_post_lifecycle" time="0.784" /><testcase classname="backend.tests.backend_test.TestPosts" name="test_delete_non_owner_forbidden" time="0.355" /><testcase classname="backend.tests.backend_test.TestMessages" name="test_send_and_thread" time="0.310" /><testcase classname="backend.tests.backend_test.TestMessages" name="test_send_to_invalid_user" time="0.106" /><testcase classname="backend.tests.backend_test.TestUsers" name="test_get_user" time="0.045" /><testcase classname="backend.tests.backend_test.TestUsers" name="test_get_user_not_found" time="0.044" /></testsuite></testsuites>