<?xml version="1.0" encoding="utf-8"?><testsuites name="pytest tests"><testsuite name="pytest" errors="0" failures="0" skipped="0" tests="28" time="5.811" timestamp="2026-05-23T06:18:42.841343+00:00" hostname="agent-env-e229368e-77d2-4c24-a75e-90bf9796c807"><testcase classname="backend.tests.backend_test.TestHealth" name="test_root" time="0.295" /><testcase classname="backend.tests.backend_test.TestAuth" name="test_login_admin" time="0.268" /><testcase classname="backend.tests.backend_test.TestAuth" name="test_login_farmer" time="0.280" /><testcase classname="backend.tests.backend_test.TestAuth" name="test_login_invalid" time="0.268" /><testcase classname="backend.tests.backend_test.TestAuth" name="test_me_unauthorized" time="0.139" /><testcase classname="backend.tests.backend_test.TestAuth" name="test_me_with_bearer" time="0.365" /><testcase classname="backend.tests.backend_test.TestAuth" name="test_register_valid_indian_phone" time="0.405" /><testcase classname="backend.tests.backend_test.TestAuth" name="test_register_rejects_us_number" time="0.047" /><testcase classname="backend.tests.backend_test.TestAuth" name="test_register_rejects_11_digit_us" time="0.042" /><testcase classname="backend.tests.backend_test.TestAuth" name="test_register_reserves_admin_email" time="0.044" /><testcase classname="backend.tests.backend_test.TestAuth" name="test_register_duplicate" time="0.045" /><testcase classname="backend.tests.backend_test.TestAgroShops" name="test_list_all_seeded" time="0.056" /><testcase classname="backend.tests.backend_test.TestAgroShops" name="test_filter_each_category[seeds]" time="0.042" /><testcase classname="backend.tests.backend_test.TestAgroShops" name="test_filter_each_category[fertilizers]" time="0.085" /><testcase classname="backend.tests.backend_test.TestAgroShops" name="test_filter_each_category[pesticides]" time="0.044" /><testcase classname="backend.tests.backend_test.TestAgroShops" name="test_filter_each_category[equipment]" time="0.043" /><testcase classname="backend.tests.backend_test.TestAgroShops" name="test_create_requires_admin_403_for_farmer" time="0.143" /><testcase classname="backend.tests.backend_test.TestAgroShops" name="test_create_requires_auth_401_anon" time="0.102" /><testcase classname="backend.tests.backend_test.TestAgroShops" name="test_admin_create_and_delete" time="0.787" /><testcase classname="backend.tests.backend_test.TestAgroShops" name="test_delete_forbidden_for_farmer" time="0.178" /><testcase classname="backend.tests.backend_test.TestChat" name="test_history_requires_auth" time="0.128" /><testcase classname="backend.tests.backend_test.TestChat" name="test_send_text" time="0.389" /><testcase classname="backend.tests.backend_test.TestChat" name="test_send_image" time="0.199" /><testcase classname="backend.tests.backend_test.TestChat" name="test_reject_empty" time="0.097" /><testcase classname="backend.tests.backend_test.TestChat" name="test_reject_oversize_image" time="0.221" /><testcase classname="backend.tests.backend_test.TestChat" name="test_reject_non_dataurl_image" time="0.112" /><testcase classname="backend.tests.backend_test.TestChat" name="test_delete_only_owner_or_admin" time="0.667" /><testcase classname="backend.tests.backend_test.TestChat" name="test_owner_can_delete_own" time="0.203" /></testsuite></testsuites>